# JRE version: OpenJDK Runtime Environment (11.0.13) (build 11.0.13+0-b1751.21-8125866)
# Java VM: OpenJDK 64-Bit Server VM (11.0.13+0-b1751.21-8125866, mixed mode, tiered, compressed oops, g1 gc, windows-amd64)
Heap:
 garbage-first heap   total 496640K, used 224039K [0x0000000080000000, 0x0000000100000000)
  region size 1024K, 36 young (36864K), 28 survivors (28672K)
 Metaspace       used 136893K, capacity 140270K, committed 140368K, reserved 1171456K
  class space    used 16745K, capacity 17979K, committed 18000K, reserved 1048576K
GC Heap History (20 events):
Event: 185.400 GC heap before
{Heap before GC invocations=172 (full 0):
 garbage-first heap   total 353280K, used 261506K [0x0000000080000000, 0x0000000100000000)
  region size 1024K, 73 young (74752K), 2 survivors (2048K)
 Metaspace       used 119315K, capacity 122227K, committed 122576K, reserved 1155072K
  class space    used 14841K, capacity 15947K, committed 16080K, reserved 1048576K
}
Event: 185.405 GC heap after
{Heap after GC invocations=173 (full 0):
 garbage-first heap   total 353280K, used 191670K [0x0000000080000000, 0x0000000100000000)
  region size 1024K, 3 young (3072K), 3 survivors (3072K)
 Metaspace       used 119315K, capacity 122227K, committed 122576K, reserved 1155072K
  class space    used 14841K, capacity 15947K, committed 16080K, reserved 1048576K
}
Event: 185.779 GC heap before
{Heap before GC invocations=173 (full 0):
 garbage-first heap   total 353280K, used 270518K [0x0000000080000000, 0x0000000100000000)
  region size 1024K, 79 young (80896K), 3 survivors (3072K)
 Metaspace       used 119316K, capacity 122227K, committed 122576K, reserved 1155072K
  class space    used 14841K, capacity 15947K, committed 16080K, reserved 1048576K
}
Event: 185.791 GC heap after
{Heap after GC invocations=174 (full 0):
 garbage-first heap   total 353280K, used 194326K [0x0000000080000000, 0x0000000100000000)
  region size 1024K, 6 young (6144K), 6 survivors (6144K)
 Metaspace       used 119316K, capacity 122227K, committed 122576K, reserved 1155072K
  class space    used 14841K, capacity 15947K, committed 16080K, reserved 1048576K
}
Event: 186.880 GC heap before
{Heap before GC invocations=174 (full 0):
 garbage-first heap   total 353280K, used 273174K [0x0000000080000000, 0x0000000100000000)
  region size 1024K, 84 young (86016K), 6 survivors (6144K)
 Metaspace       used 119316K, capacity 122227K, committed 122576K, reserved 1155072K
  class space    used 14841K, capacity 15947K, committed 16080K, reserved 1048576K
}
Event: 186.899 GC heap after
{Heap after GC invocations=175 (full 0):
 garbage-first heap   total 496640K, used 196180K [0x0000000080000000, 0x0000000100000000)
  region size 1024K, 8 young (8192K), 8 survivors (8192K)
 Metaspace       used 119316K, capacity 122227K, committed 122576K, reserved 1155072K
  class space    used 14841K, capacity 15947K, committed 16080K, reserved 1048576K
}
Event: 187.990 GC heap before
{Heap before GC invocations=175 (full 0):
 garbage-first heap   total 496640K, used 335444K [0x0000000080000000, 0x0000000100000000)
  region size 1024K, 145 young (148480K), 8 survivors (8192K)
 Metaspace       used 119359K, capacity 122291K, committed 122576K, reserved 1155072K
  class space    used 14841K, capacity 15947K, committed 16080K, reserved 1048576K
}
Event: 188.000 GC heap after
{Heap after GC invocations=176 (full 0):
 garbage-first heap   total 496640K, used 198838K [0x0000000080000000, 0x0000000100000000)
  region size 1024K, 10 young (10240K), 10 survivors (10240K)
 Metaspace       used 119359K, capacity 122291K, committed 122576K, reserved 1155072K
  class space    used 14841K, capacity 15947K, committed 16080K, reserved 1048576K
}
Event: 188.762 GC heap before
{Heap before GC invocations=176 (full 0):
 garbage-first heap   total 496640K, used 370870K [0x0000000080000000, 0x0000000100000000)
  region size 1024K, 178 young (182272K), 10 survivors (10240K)
 Metaspace       used 119511K, capacity 122402K, committed 122576K, reserved 1155072K
  class space    used 14842K, capacity 15949K, committed 16080K, reserved 1048576K
}
Event: 188.769 GC heap after
{Heap after GC invocations=177 (full 0):
 garbage-first heap   total 496640K, used 197538K [0x0000000080000000, 0x0000000100000000)
  region size 1024K, 9 young (9216K), 9 survivors (9216K)
 Metaspace       used 119511K, capacity 122402K, committed 122576K, reserved 1155072K
  class space    used 14842K, capacity 15949K, committed 16080K, reserved 1048576K
}
Event: 189.881 GC heap before
{Heap before GC invocations=177 (full 0):
 garbage-first heap   total 496640K, used 398242K [0x0000000080000000, 0x0000000100000000)
  region size 1024K, 202 young (206848K), 9 survivors (9216K)
 Metaspace       used 119529K, capacity 122466K, committed 122832K, reserved 1157120K
  class space    used 14843K, capacity 15949K, committed 16080K, reserved 1048576K
}
Event: 189.893 GC heap after
{Heap after GC invocations=178 (full 0):
 garbage-first heap   total 496640K, used 202934K [0x0000000080000000, 0x0000000100000000)
  region size 1024K, 14 young (14336K), 14 survivors (14336K)
 Metaspace       used 119529K, capacity 122466K, committed 122832K, reserved 1157120K
  class space    used 14843K, capacity 15949K, committed 16080K, reserved 1048576K
}
Event: 190.843 GC heap before
{Heap before GC invocations=178 (full 0):
 garbage-first heap   total 496640K, used 400566K [0x0000000080000000, 0x0000000100000000)
  region size 1024K, 207 young (211968K), 14 survivors (14336K)
 Metaspace       used 119537K, capacity 122466K, committed 122832K, reserved 1157120K
  class space    used 14844K, capacity 15949K, committed 16080K, reserved 1048576K
}
Event: 190.857 GC heap after
{Heap after GC invocations=179 (full 0):
 garbage-first heap   total 496640K, used 202535K [0x0000000080000000, 0x0000000100000000)
  region size 1024K, 13 young (13312K), 13 survivors (13312K)
 Metaspace       used 119537K, capacity 122466K, committed 122832K, reserved 1157120K
  class space    used 14844K, capacity 15949K, committed 16080K, reserved 1048576K
}
Event: 194.186 GC heap before
{Heap before GC invocations=179 (full 0):
 garbage-first heap   total 496640K, used 404263K [0x0000000080000000, 0x0000000100000000)
  region size 1024K, 211 young (216064K), 13 survivors (13312K)
 Metaspace       used 125416K, capacity 128340K, committed 128592K, reserved 1161216K
  class space    used 15563K, capacity 16667K, committed 16720K, reserved 1048576K
}
Event: 194.208 GC heap after
{Heap after GC invocations=180 (full 0):
 garbage-first heap   total 496640K, used 202535K [0x0000000080000000, 0x0000000100000000)
  region size 1024K, 13 young (13312K), 13 survivors (13312K)
 Metaspace       used 125416K, capacity 128340K, committed 128592K, reserved 1161216K
  class space    used 15563K, capacity 16667K, committed 16720K, reserved 1048576K
}
Event: 238.785 GC heap before
{Heap before GC invocations=180 (full 0):
 garbage-first heap   total 496640K, used 411431K [0x0000000080000000, 0x0000000100000000)
  region size 1024K, 218 young (223232K), 13 survivors (13312K)
 Metaspace       used 131603K, capacity 134889K, committed 135248K, reserved 1167360K
  class space    used 16188K, capacity 17363K, committed 17488K, reserved 1048576K
}
Event: 238.815 GC heap after
{Heap after GC invocations=181 (full 0):
 garbage-first heap   total 496640K, used 205095K [0x0000000080000000, 0x0000000100000000)
  region size 1024K, 15 young (15360K), 15 survivors (15360K)
 Metaspace       used 131603K, capacity 134889K, committed 135248K, reserved 1167360K
  class space    used 16188K, capacity 17363K, committed 17488K, reserved 1048576K
}
Event: 265.393 GC heap before
{Heap before GC invocations=181 (full 0):
 garbage-first heap   total 496640K, used 416039K [0x0000000080000000, 0x0000000100000000)
  region size 1024K, 222 young (227328K), 15 survivors (15360K)
 Metaspace       used 136807K, capacity 140205K, committed 140368K, reserved 1171456K
  class space    used 16745K, capacity 17979K, committed 18000K, reserved 1048576K
}
Event: 265.453 GC heap after
{Heap after GC invocations=182 (full 0):
 garbage-first heap   total 496640K, used 217895K [0x0000000080000000, 0x0000000100000000)
  region size 1024K, 28 young (28672K), 28 survivors (28672K)
 Metaspace       used 136807K, capacity 140205K, committed 140368K, reserved 1171456K
  class space    used 16745K, capacity 17979K, committed 18000K, reserved 1048576K
}

